0 info it worked if it ends with ok
1 verbose cli [ '/usr/bin/nodejs', '/usr/bin/npm', 'install', '-g', 'yarn' ]
2 info using npm@3.5.2
3 info using node@v4.2.6
4 silly loadCurrentTree Starting
5 silly install loadCurrentTree
6 silly install readGlobalPackageData
7 silly fetchPackageMetaData yarn
8 silly fetchNamedPackageData yarn
9 silly mapToRegistry name yarn
10 silly mapToRegistry using default registry
11 silly mapToRegistry registry https://registry.npmjs.org/
12 silly mapToRegistry uri https://registry.npmjs.org/yarn
13 verbose request uri https://registry.npmjs.org/yarn
14 verbose request no auth needed
15 info attempt registry request try #1 at 5:51:45 AM
16 verbose request id c460cce546537b6a
17 http request GET https://registry.npmjs.org/yarn
18 http 200 https://registry.npmjs.org/yarn
19 verbose headers { date: 'Thu, 05 Jul 2018 02:51:46 GMT',
19 verbose headers   'content-type': 'application/json; charset=UTF-8',
19 verbose headers   'transfer-encoding': 'chunked',
19 verbose headers   connection: 'keep-alive',
19 verbose headers   'set-cookie': [ '__cfduid=d054cc7df7e62784f7a9c9f8354dd426d1530759106; expires=Fri, 05-Jul-19 02:51:46 GMT; path=/; domain=.registry.npmjs.org; HttpOnly' ],
19 verbose headers   'cache-control': 'max-age=300',
19 verbose headers   'cf-cache-status': 'HIT',
19 verbose headers   'cf-ray': '4356881f8a6963f1-FRA',
19 verbose headers   etag: 'W/"daf028bdd0880d8a6bb803ee67bc4738"',
19 verbose headers   'expect-ct': 'max-age=604800, report-uri="https://report-uri.cloudflare.com/cdn-cgi/beacon/expect-ct"',
19 verbose headers   'last-modified': 'Fri, 15 Jun 2018 19:28:39 GMT',
19 verbose headers   vary: 'accept-encoding, accept',
19 verbose headers   server: 'cloudflare',
19 verbose headers   'content-encoding': 'gzip' }
20 silly get cb [ 200,
20 silly get   { date: 'Thu, 05 Jul 2018 02:51:46 GMT',
20 silly get     'content-type': 'application/json; charset=UTF-8',
20 silly get     'transfer-encoding': 'chunked',
20 silly get     connection: 'keep-alive',
20 silly get     'set-cookie': [ '__cfduid=d054cc7df7e62784f7a9c9f8354dd426d1530759106; expires=Fri, 05-Jul-19 02:51:46 GMT; path=/; domain=.registry.npmjs.org; HttpOnly' ],
20 silly get     'cache-control': 'max-age=300',
20 silly get     'cf-cache-status': 'HIT',
20 silly get     'cf-ray': '4356881f8a6963f1-FRA',
20 silly get     etag: 'W/"daf028bdd0880d8a6bb803ee67bc4738"',
20 silly get     'expect-ct': 'max-age=604800, report-uri="https://report-uri.cloudflare.com/cdn-cgi/beacon/expect-ct"',
20 silly get     'last-modified': 'Fri, 15 Jun 2018 19:28:39 GMT',
20 silly get     vary: 'accept-encoding, accept',
20 silly get     server: 'cloudflare',
20 silly get     'content-encoding': 'gzip' } ]
21 verbose get saving yarn to /home/khaetskaya/.npm/registry.npmjs.org/yarn/.cache.json
22 silly install normalizeTree
23 silly loadCurrentTree Finishing
24 silly loadIdealTree Starting
25 silly install loadIdealTree
26 silly cloneCurrentTree Starting
27 silly install cloneCurrentTreeToIdealTree
28 silly cloneCurrentTree Finishing
29 silly loadShrinkwrap Starting
30 silly install loadShrinkwrap
31 silly loadShrinkwrap Finishing
32 silly loadAllDepsIntoIdealTree Starting
33 silly install loadAllDepsIntoIdealTree
34 silly resolveWithNewModule yarn@1.7.0 checking installable status
35 silly cache add args [ 'yarn', null ]
36 verbose cache add spec yarn
37 silly cache add parsed spec Result {
37 silly cache add   raw: 'yarn',
37 silly cache add   scope: null,
37 silly cache add   name: 'yarn',
37 silly cache add   rawSpec: '',
37 silly cache add   spec: 'latest',
37 silly cache add   type: 'tag' }
38 silly addNamed yarn@latest
39 verbose addNamed "latest" is being treated as a dist-tag for yarn
40 info addNameTag [ 'yarn', 'latest' ]
41 silly mapToRegistry name yarn
42 silly mapToRegistry using default registry
43 silly mapToRegistry registry https://registry.npmjs.org/
44 silly mapToRegistry uri https://registry.npmjs.org/yarn
45 verbose addNameTag registry:https://registry.npmjs.org/yarn not in flight; fetching
46 verbose get https://registry.npmjs.org/yarn not expired, no request
47 silly addNameTag next cb for yarn with tag latest
48 silly addNamed yarn@1.7.0
49 verbose addNamed "1.7.0" is a plain semver version for yarn
50 silly mapToRegistry name yarn
51 silly mapToRegistry using default registry
52 silly mapToRegistry registry https://registry.npmjs.org/
53 silly mapToRegistry uri https://registry.npmjs.org/yarn
54 verbose addRemoteTarball https://registry.npmjs.org/yarn/-/yarn-1.7.0.tgz not in flight; adding
55 verbose addRemoteTarball [ 'https://registry.npmjs.org/yarn/-/yarn-1.7.0.tgz',
55 verbose addRemoteTarball   '0076b9fde6010e01950526a609bc53bc175ef925' ]
56 info retry fetch attempt 1 at 5:51:46 AM
57 info attempt registry request try #1 at 5:51:46 AM
58 http fetch GET https://registry.npmjs.org/yarn/-/yarn-1.7.0.tgz
59 http fetch 200 https://registry.npmjs.org/yarn/-/yarn-1.7.0.tgz
60 silly fetchAndShaCheck shasum 0076b9fde6010e01950526a609bc53bc175ef925
61 verbose addTmpTarball /tmp/npm-4518-9e580782/registry.npmjs.org/yarn/-/yarn-1.7.0.tgz not in flight; adding
62 verbose addTmpTarball already have metadata; skipping unpack for yarn@1.7.0
63 silly cache afterAdd yarn@1.7.0
64 verbose afterAdd /home/khaetskaya/.npm/yarn/1.7.0/package/package.json not in flight; writing
65 verbose afterAdd /home/khaetskaya/.npm/yarn/1.7.0/package/package.json written
66 silly loadAllDepsIntoIdealTree Finishing
67 silly idealTree:prePrune lib
67 silly idealTree:prePrune └── yarn@1.7.0
68 silly loadIdealTree Finishing
69 silly currentTree lib
70 silly idealTree lib
70 silly idealTree └── yarn@1.7.0
71 silly generateActionsToTake Starting
72 silly install generateActionsToTake
73 warn checkPermissions Missing write access to /usr/local/lib
74 silly rollbackFailedOptional Starting
75 silly rollbackFailedOptional Finishing
76 silly runTopLevelLifecycles Starting
77 silly runTopLevelLifecycles Finishing
78 silly install printInstalled
79 verbose stack Error: EACCES: permission denied, access '/usr/local/lib'
79 verbose stack     at Error (native)
80 verbose cwd /home/khaetskaya/Desktop/pre_project
81 error Linux 4.15.0-24-generic
82 error argv "/usr/bin/nodejs" "/usr/bin/npm" "install" "-g" "yarn"
83 error node v4.2.6
84 error npm  v3.5.2
85 error path /usr/local/lib
86 error code EACCES
87 error errno -13
88 error syscall access
89 error Error: EACCES: permission denied, access '/usr/local/lib'
89 error     at Error (native)
89 error  { [Error: EACCES: permission denied, access '/usr/local/lib']
89 error   errno: -13,
89 error   code: 'EACCES',
89 error   syscall: 'access',
89 error   path: '/usr/local/lib' }
90 error Please try running this command again as root/Administrator.
91 verbose exit [ -13, true ]
